
*** Running vivado
    with args -log top_module.vds -m64 -product Vivado -mode batch -messageDb vivado.pb -notrace -source top_module.tcl


ECHO is off.
ECHO is off.

****** Vivado v2023.2 (64-bit)
  **** SW Build 4029153 on Fri Oct 13 20:14:34 MDT 2023
  **** IP Build 4028589 on Sat Oct 14 00:45:43 MDT 2023
  **** SharedData Build 4025554 on Tue Oct 10 17:18:54 MDT 2023
    ** Copyright 1986-2022 Xilinx, Inc. All Rights Reserved.
    ** Copyright 2022-2023 Advanced Micro Devices, Inc. All Rights Reserved.

source top_module.tcl -notrace
Command: read_checkpoint -auto_incremental -incremental {C:/Users/witpc/Desktop/Keep-Swtiching-and-Nobody-Exploded/LED GAME/LED GAME.srcs/utils_1/imports/synth_1/top_module.dcp}
INFO: [Vivado 12-5825] Read reference checkpoint from C:/Users/witpc/Desktop/Keep-Swtiching-and-Nobody-Exploded/LED GAME/LED GAME.srcs/utils_1/imports/synth_1/top_module.dcp for incremental synthesis
INFO: [Vivado 12-7989] Please ensure there are no constraint changes
Command: synth_design -top top_module -part xc7a35tcpg236-1
Starting synth_design
Attempting to get a license for feature 'Synthesis' and/or device 'xc7a35t'
INFO: [Common 17-349] Got license for feature 'Synthesis' and/or device 'xc7a35t'
INFO: [Device 21-403] Loading part xc7a35tcpg236-1
INFO: [Designutils 20-5440] No compile time benefit to using incremental synthesis; A full resynthesis will be run
INFO: [Designutils 20-4379] Flow is switching to default flow due to incremental criteria not met. If you would like to alter this behaviour and have the flow terminate instead, please set the following parameter config_implementation {autoIncr.Synth.RejectBehavior Terminate}
INFO: [Synth 8-7079] Multithreading enabled for synth_design using a maximum of 2 processes.
INFO: [Synth 8-7078] Launching helper process for spawning children vivado processes
INFO: [Synth 8-7075] Helper process launched with PID 25852
---------------------------------------------------------------------------------
Starting RTL Elaboration : Time (s): cpu = 00:00:04 ; elapsed = 00:00:04 . Memory (MB): peak = 1321.266 ; gain = 440.867
---------------------------------------------------------------------------------
INFO: [Synth 8-6157] synthesizing module 'top_module' [C:/Users/witpc/Desktop/Keep-Swtiching-and-Nobody-Exploded/LED GAME/LED GAME.srcs/sources_1/new/top_module.v:20]
INFO: [Synth 8-6157] synthesizing module 'Timer' [C:/Users/witpc/Desktop/Keep-Swtiching-and-Nobody-Exploded/LED GAME/LED GAME.srcs/sources_1/new/Timer.v:11]
INFO: [Synth 8-6157] synthesizing module 'tff_module' [C:/Users/witpc/Desktop/Keep-Swtiching-and-Nobody-Exploded/LED GAME/LED GAME.srcs/sources_1/new/Timer.v:1]
INFO: [Synth 8-6155] done synthesizing module 'tff_module' (0#1) [C:/Users/witpc/Desktop/Keep-Swtiching-and-Nobody-Exploded/LED GAME/LED GAME.srcs/sources_1/new/Timer.v:1]
INFO: [Synth 8-155] case statement is not full and has no default [C:/Users/witpc/Desktop/Keep-Swtiching-and-Nobody-Exploded/LED GAME/LED GAME.srcs/sources_1/new/Timer.v:137]
WARNING: [Synth 8-567] referenced signal 'fourth' should be on the sensitivity list [C:/Users/witpc/Desktop/Keep-Swtiching-and-Nobody-Exploded/LED GAME/LED GAME.srcs/sources_1/new/Timer.v:136]
WARNING: [Synth 8-567] referenced signal 'third' should be on the sensitivity list [C:/Users/witpc/Desktop/Keep-Swtiching-and-Nobody-Exploded/LED GAME/LED GAME.srcs/sources_1/new/Timer.v:136]
WARNING: [Synth 8-567] referenced signal 'second' should be on the sensitivity list [C:/Users/witpc/Desktop/Keep-Swtiching-and-Nobody-Exploded/LED GAME/LED GAME.srcs/sources_1/new/Timer.v:136]
WARNING: [Synth 8-567] referenced signal 'first' should be on the sensitivity list [C:/Users/witpc/Desktop/Keep-Swtiching-and-Nobody-Exploded/LED GAME/LED GAME.srcs/sources_1/new/Timer.v:136]
WARNING: [Synth 8-567] referenced signal 'num' should be on the sensitivity list [C:/Users/witpc/Desktop/Keep-Swtiching-and-Nobody-Exploded/LED GAME/LED GAME.srcs/sources_1/new/Timer.v:144]
INFO: [Synth 8-6155] done synthesizing module 'Timer' (0#1) [C:/Users/witpc/Desktop/Keep-Swtiching-and-Nobody-Exploded/LED GAME/LED GAME.srcs/sources_1/new/Timer.v:11]
INFO: [Synth 8-6157] synthesizing module 'difficulty_game_mode' [C:/Users/witpc/Desktop/Keep-Swtiching-and-Nobody-Exploded/LED GAME/LED GAME.srcs/sources_1/new/difficulty_game_mode.v:21]
INFO: [Synth 8-155] case statement is not full and has no default [C:/Users/witpc/Desktop/Keep-Swtiching-and-Nobody-Exploded/LED GAME/LED GAME.srcs/sources_1/new/difficulty_game_mode.v:38]
INFO: [Synth 8-155] case statement is not full and has no default [C:/Users/witpc/Desktop/Keep-Swtiching-and-Nobody-Exploded/LED GAME/LED GAME.srcs/sources_1/new/difficulty_game_mode.v:44]
INFO: [Synth 8-6155] done synthesizing module 'difficulty_game_mode' (0#1) [C:/Users/witpc/Desktop/Keep-Swtiching-and-Nobody-Exploded/LED GAME/LED GAME.srcs/sources_1/new/difficulty_game_mode.v:21]
INFO: [Synth 8-6157] synthesizing module 'ledcontroller' [C:/Users/witpc/Desktop/Keep-Swtiching-and-Nobody-Exploded/LED GAME/LED GAME.srcs/sources_1/new/ledcontroller.v:21]
INFO: [Synth 8-155] case statement is not full and has no default [C:/Users/witpc/Desktop/Keep-Swtiching-and-Nobody-Exploded/LED GAME/LED GAME.srcs/sources_1/new/ledcontroller.v:29]
INFO: [Synth 8-6155] done synthesizing module 'ledcontroller' (0#1) [C:/Users/witpc/Desktop/Keep-Swtiching-and-Nobody-Exploded/LED GAME/LED GAME.srcs/sources_1/new/ledcontroller.v:21]
INFO: [Synth 8-6155] done synthesizing module 'top_module' (0#1) [C:/Users/witpc/Desktop/Keep-Swtiching-and-Nobody-Exploded/LED GAME/LED GAME.srcs/sources_1/new/top_module.v:20]
WARNING: [Synth 8-7129] Port clock in module ledcontroller is either unconnected or has no load
WARNING: [Synth 8-7129] Port is_timeout in module ledcontroller is either unconnected or has no load
WARNING: [Synth 8-7129] Port btnC in module difficulty_game_mode is either unconnected or has no load
WARNING: [Synth 8-7129] Port sw[15] in module difficulty_game_mode is either unconnected or has no load
WARNING: [Synth 8-7129] Port sw[14] in module difficulty_game_mode is either unconnected or has no load
WARNING: [Synth 8-7129] Port sw[13] in module difficulty_game_mode is either unconnected or has no load
WARNING: [Synth 8-7129] Port sw[12] in module difficulty_game_mode is either unconnected or has no load
WARNING: [Synth 8-7129] Port sw[11] in module difficulty_game_mode is either unconnected or has no load
WARNING: [Synth 8-7129] Port sw[10] in module difficulty_game_mode is either unconnected or has no load
WARNING: [Synth 8-7129] Port sw[9] in module difficulty_game_mode is either unconnected or has no load
WARNING: [Synth 8-7129] Port sw[8] in module difficulty_game_mode is either unconnected or has no load
WARNING: [Synth 8-7129] Port sw[7] in module difficulty_game_mode is either unconnected or has no load
WARNING: [Synth 8-7129] Port sw[6] in module difficulty_game_mode is either unconnected or has no load
WARNING: [Synth 8-7129] Port sw[5] in module difficulty_game_mode is either unconnected or has no load
WARNING: [Synth 8-7129] Port sw[4] in module difficulty_game_mode is either unconnected or has no load
WARNING: [Synth 8-7129] Port sw[3] in module difficulty_game_mode is either unconnected or has no load
WARNING: [Synth 8-7129] Port sw[2] in module difficulty_game_mode is either unconnected or has no load
WARNING: [Synth 8-7129] Port sw[1] in module difficulty_game_mode is either unconnected or has no load
WARNING: [Synth 8-7129] Port sw[0] in module difficulty_game_mode is either unconnected or has no load
---------------------------------------------------------------------------------
Finished RTL Elaboration : Time (s): cpu = 00:00:06 ; elapsed = 00:00:06 . Memory (MB): peak = 1429.758 ; gain = 549.359
---------------------------------------------------------------------------------
---------------------------------------------------------------------------------
Start Handling Custom Attributes
---------------------------------------------------------------------------------
---------------------------------------------------------------------------------
Finished Handling Custom Attributes : Time (s): cpu = 00:00:06 ; elapsed = 00:00:06 . Memory (MB): peak = 1429.758 ; gain = 549.359
---------------------------------------------------------------------------------
---------------------------------------------------------------------------------
Finished RTL Optimization Phase 1 : Time (s): cpu = 00:00:06 ; elapsed = 00:00:06 . Memory (MB): peak = 1429.758 ; gain = 549.359
---------------------------------------------------------------------------------
Netlist sorting complete. Time (s): cpu = 00:00:00 ; elapsed = 00:00:00.002 . Memory (MB): peak = 1429.758 ; gain = 0.000
INFO: [Project 1-570] Preparing netlist for logic optimization

Processing XDC Constraints
Initializing timing engine
Parsing XDC File [C:/Users/witpc/Desktop/Keep-Swtiching-and-Nobody-Exploded/LED GAME/LED GAME.srcs/constrs_1/new/Basys3_verilog_led.xdc]
Finished Parsing XDC File [C:/Users/witpc/Desktop/Keep-Swtiching-and-Nobody-Exploded/LED GAME/LED GAME.srcs/constrs_1/new/Basys3_verilog_led.xdc]
INFO: [Project 1-236] Implementation specific constraints were found while reading constraint file [C:/Users/witpc/Desktop/Keep-Swtiching-and-Nobody-Exploded/LED GAME/LED GAME.srcs/constrs_1/new/Basys3_verilog_led.xdc]. These constraints will be ignored for synthesis but will be used in implementation. Impacted constraints are listed in the file [.Xil/top_module_propImpl.xdc].
Resolution: To avoid this warning, move constraints listed in [.Xil/top_module_propImpl.xdc] to another XDC file and exclude this new file from synthesis with the used_in_synthesis property (File Properties dialog in GUI) and re-run elaboration/synthesis.
Completed Processing XDC Constraints

Netlist sorting complete. Time (s): cpu = 00:00:00 ; elapsed = 00:00:00 . Memory (MB): peak = 1479.816 ; gain = 0.000
INFO: [Project 1-111] Unisim Transformation Summary:
No Unisim elements were transformed.

The system cannot find the path specified.
Constraint Validation Runtime : Time (s): cpu = 00:00:00 ; elapsed = 00:00:00.002 . Memory (MB): peak = 1479.816 ; gain = 0.000
INFO: [Designutils 20-5440] No compile time benefit to using incremental synthesis; A full resynthesis will be run
INFO: [Designutils 20-4379] Flow is switching to default flow due to incremental criteria not met. If you would like to alter this behaviour and have the flow terminate instead, please set the following parameter config_implementation {autoIncr.Synth.RejectBehavior Terminate}
---------------------------------------------------------------------------------
Finished Constraint Validation : Time (s): cpu = 00:00:11 ; elapsed = 00:00:12 . Memory (MB): peak = 1479.816 ; gain = 599.418
---------------------------------------------------------------------------------
---------------------------------------------------------------------------------
Start Loading Part and Timing Information
---------------------------------------------------------------------------------
Loading part: xc7a35tcpg236-1
---------------------------------------------------------------------------------
Finished Loading Part and Timing Information : Time (s): cpu = 00:00:11 ; elapsed = 00:00:12 . Memory (MB): peak = 1479.816 ; gain = 599.418
---------------------------------------------------------------------------------
---------------------------------------------------------------------------------
Start Applying 'set_property' XDC Constraints
---------------------------------------------------------------------------------
---------------------------------------------------------------------------------
Finished applying 'set_property' XDC Constraints : Time (s): cpu = 00:00:11 ; elapsed = 00:00:12 . Memory (MB): peak = 1479.816 ; gain = 599.418
---------------------------------------------------------------------------------
WARNING: [Synth 8-327] inferring latch for variable 'num_reg' [C:/Users/witpc/Desktop/Keep-Swtiching-and-Nobody-Exploded/LED GAME/LED GAME.srcs/sources_1/new/Timer.v:138]
WARNING: [Synth 8-327] inferring latch for variable 'led_reg' [C:/Users/witpc/Desktop/Keep-Swtiching-and-Nobody-Exploded/LED GAME/LED GAME.srcs/sources_1/new/ledcontroller.v:31]
---------------------------------------------------------------------------------
Finished RTL Optimization Phase 2 : Time (s): cpu = 00:00:12 ; elapsed = 00:00:12 . Memory (MB): peak = 1479.816 ; gain = 599.418
---------------------------------------------------------------------------------
---------------------------------------------------------------------------------
Start RTL Component Statistics 
---------------------------------------------------------------------------------
Detailed RTL Component Info : 
+---Adders : 
	   2 Input   28 Bit       Adders := 1     
	   2 Input    4 Bit       Adders := 9     
+---Registers : 
	               28 Bit    Registers := 1     
	                4 Bit    Registers := 3     
	                2 Bit    Registers := 1     
	                1 Bit    Registers := 4     
+---Muxes : 
	   4 Input   15 Bit        Muxes := 2     
	   4 Input    4 Bit        Muxes := 3     
	   2 Input    4 Bit        Muxes := 25    
	   2 Input    2 Bit        Muxes := 4     
	   5 Input    2 Bit        Muxes := 1     
	   4 Input    2 Bit        Muxes := 1     
	   2 Input    1 Bit        Muxes := 2     
	   4 Input    1 Bit        Muxes := 1     
---------------------------------------------------------------------------------
Finished RTL Component Statistics 
---------------------------------------------------------------------------------
---------------------------------------------------------------------------------
Start Part Resource Summary
---------------------------------------------------------------------------------
Part Resources:
DSPs: 90 (col length:60)
BRAMs: 100 (col length: RAMB18 60 RAMB36 30)
---------------------------------------------------------------------------------
Finished Part Resource Summary
---------------------------------------------------------------------------------
---------------------------------------------------------------------------------
Start Cross Boundary and Area Optimization
---------------------------------------------------------------------------------
WARNING: [Synth 8-7080] Parallel synthesis criteria is not met
WARNING: [Synth 8-7129] Port led[0] in module top_module is either unconnected or has no load
WARNING: [Synth 8-7129] Port sw[15] in module top_module is either unconnected or has no load
WARNING: [Synth 8-7129] Port sw[14] in module top_module is either unconnected or has no load
WARNING: [Synth 8-7129] Port sw[13] in module top_module is either unconnected or has no load
WARNING: [Synth 8-7129] Port sw[12] in module top_module is either unconnected or has no load
WARNING: [Synth 8-7129] Port sw[11] in module top_module is either unconnected or has no load
WARNING: [Synth 8-7129] Port sw[10] in module top_module is either unconnected or has no load
WARNING: [Synth 8-7129] Port sw[9] in module top_module is either unconnected or has no load
WARNING: [Synth 8-7129] Port sw[8] in module top_module is either unconnected or has no load
WARNING: [Synth 8-7129] Port sw[7] in module top_module is either unconnected or has no load
WARNING: [Synth 8-7129] Port sw[6] in module top_module is either unconnected or has no load
WARNING: [Synth 8-7129] Port sw[5] in module top_module is either unconnected or has no load
WARNING: [Synth 8-7129] Port sw[4] in module top_module is either unconnected or has no load
WARNING: [Synth 8-7129] Port sw[3] in module top_module is either unconnected or has no load
WARNING: [Synth 8-7129] Port sw[2] in module top_module is either unconnected or has no load
WARNING: [Synth 8-7129] Port sw[1] in module top_module is either unconnected or has no load
WARNING: [Synth 8-7129] Port sw[0] in module top_module is either unconnected or has no load
WARNING: [Synth 8-3332] Sequential element (T1/num_reg[3]) is unused and will be removed from module top_module.
WARNING: [Synth 8-3332] Sequential element (T1/num_reg[2]) is unused and will be removed from module top_module.
WARNING: [Synth 8-3332] Sequential element (T1/num_reg[1]) is unused and will be removed from module top_module.
WARNING: [Synth 8-3332] Sequential element (T1/num_reg[0]) is unused and will be removed from module top_module.
WARNING: [Synth 8-3332] Sequential element (le/led_reg[15]) is unused and will be removed from module top_module.
---------------------------------------------------------------------------------
Finished Cross Boundary and Area Optimization : Time (s): cpu = 00:00:13 ; elapsed = 00:00:14 . Memory (MB): peak = 1479.816 ; gain = 599.418
---------------------------------------------------------------------------------
---------------------------------------------------------------------------------
Start Applying XDC Timing Constraints
---------------------------------------------------------------------------------
---------------------------------------------------------------------------------
Finished Applying XDC Timing Constraints : Time (s): cpu = 00:00:17 ; elapsed = 00:00:18 . Memory (MB): peak = 1479.816 ; gain = 599.418
---------------------------------------------------------------------------------
---------------------------------------------------------------------------------
Start Timing Optimization
---------------------------------------------------------------------------------
---------------------------------------------------------------------------------
Finished Timing Optimization : Time (s): cpu = 00:00:17 ; elapsed = 00:00:18 . Memory (MB): peak = 1479.816 ; gain = 599.418
---------------------------------------------------------------------------------
---------------------------------------------------------------------------------
Start Technology Mapping
---------------------------------------------------------------------------------
---------------------------------------------------------------------------------
Finished Technology Mapping : Time (s): cpu = 00:00:17 ; elapsed = 00:00:18 . Memory (MB): peak = 1479.816 ; gain = 599.418
---------------------------------------------------------------------------------
---------------------------------------------------------------------------------
Start IO Insertion
---------------------------------------------------------------------------------
---------------------------------------------------------------------------------
Start Flattening Before IO Insertion
---------------------------------------------------------------------------------
---------------------------------------------------------------------------------
Finished Flattening Before IO Insertion
---------------------------------------------------------------------------------
---------------------------------------------------------------------------------
Start Final Netlist Cleanup
---------------------------------------------------------------------------------
---------------------------------------------------------------------------------
Finished Final Netlist Cleanup
---------------------------------------------------------------------------------
---------------------------------------------------------------------------------
Finished IO Insertion : Time (s): cpu = 00:00:20 ; elapsed = 00:00:21 . Memory (MB): peak = 1479.816 ; gain = 599.418
---------------------------------------------------------------------------------
---------------------------------------------------------------------------------
Start Renaming Generated Instances
---------------------------------------------------------------------------------
---------------------------------------------------------------------------------
Finished Renaming Generated Instances : Time (s): cpu = 00:00:20 ; elapsed = 00:00:21 . Memory (MB): peak = 1479.816 ; gain = 599.418
---------------------------------------------------------------------------------
---------------------------------------------------------------------------------
Start Rebuilding User Hierarchy
---------------------------------------------------------------------------------
---------------------------------------------------------------------------------
Finished Rebuilding User Hierarchy : Time (s): cpu = 00:00:20 ; elapsed = 00:00:21 . Memory (MB): peak = 1479.816 ; gain = 599.418
---------------------------------------------------------------------------------
---------------------------------------------------------------------------------
Start Renaming Generated Ports
---------------------------------------------------------------------------------
---------------------------------------------------------------------------------
Finished Renaming Generated Ports : Time (s): cpu = 00:00:20 ; elapsed = 00:00:21 . Memory (MB): peak = 1479.816 ; gain = 599.418
---------------------------------------------------------------------------------
---------------------------------------------------------------------------------
Start Handling Custom Attributes
---------------------------------------------------------------------------------
---------------------------------------------------------------------------------
Finished Handling Custom Attributes : Time (s): cpu = 00:00:20 ; elapsed = 00:00:21 . Memory (MB): peak = 1479.816 ; gain = 599.418
---------------------------------------------------------------------------------
---------------------------------------------------------------------------------
Start Renaming Generated Nets
---------------------------------------------------------------------------------
---------------------------------------------------------------------------------
Finished Renaming Generated Nets : Time (s): cpu = 00:00:20 ; elapsed = 00:00:21 . Memory (MB): peak = 1479.816 ; gain = 599.418
---------------------------------------------------------------------------------
---------------------------------------------------------------------------------
Start Writing Synthesis Report
---------------------------------------------------------------------------------

Report BlackBoxes: 
+-+--------------+----------+
| |BlackBox name |Instances |
+-+--------------+----------+
+-+--------------+----------+

Report Cell Usage: 
+------+-------+------+
|      |Cell   |Count |
+------+-------+------+
|1     |BUFG   |     2|
|2     |CARRY4 |     7|
|3     |LUT1   |     1|
|4     |LUT2   |    12|
|5     |LUT3   |     4|
|6     |LUT4   |    24|
|7     |LUT5   |    14|
|8     |LUT6   |    29|
|9     |MUXF7  |     1|
|10    |FDRE   |    45|
|11    |LD     |     2|
|12    |IBUF   |     6|
|13    |OBUF   |    26|
|14    |OBUFT  |     1|
+------+-------+------+
---------------------------------------------------------------------------------
Finished Writing Synthesis Report : Time (s): cpu = 00:00:20 ; elapsed = 00:00:21 . Memory (MB): peak = 1479.816 ; gain = 599.418
---------------------------------------------------------------------------------
Synthesis finished with 0 errors, 0 critical warnings and 25 warnings.
Synthesis Optimization Runtime : Time (s): cpu = 00:00:14 ; elapsed = 00:00:20 . Memory (MB): peak = 1479.816 ; gain = 549.359
Synthesis Optimization Complete : Time (s): cpu = 00:00:21 ; elapsed = 00:00:21 . Memory (MB): peak = 1479.816 ; gain = 599.418
INFO: [Project 1-571] Translating synthesized netlist
Netlist sorting complete. Time (s): cpu = 00:00:00 ; elapsed = 00:00:00.001 . Memory (MB): peak = 1479.816 ; gain = 0.000
INFO: [Netlist 29-17] Analyzing 10 Unisim elements for replacement
INFO: [Netlist 29-28] Unisim Transformation completed in 0 CPU seconds
INFO: [Project 1-570] Preparing netlist for logic optimization
INFO: [Opt 31-138] Pushed 0 inverter(s) to 0 load pin(s).
Netlist sorting complete. Time (s): cpu = 00:00:00 ; elapsed = 00:00:00 . Memory (MB): peak = 1479.816 ; gain = 0.000
INFO: [Project 1-111] Unisim Transformation Summary:
  A total of 2 instances were transformed.
  LD => LDCE: 2 instances

The system cannot find the path specified.
Synth Design complete | Checksum: 260f8b40
INFO: [Common 17-83] Releasing license: Synthesis
35 Infos, 49 Warnings, 0 Critical Warnings and 0 Errors encountered.
synth_design completed successfully
INFO: [Common 17-600] The following parameters have non-default value.
tcl.statsThreshold
Write ShapeDB Complete: Time (s): cpu = 00:00:00 ; elapsed = 00:00:00.001 . Memory (MB): peak = 1479.816 ; gain = 0.000
INFO: [Common 17-1381] The checkpoint 'C:/Users/witpc/Desktop/Keep-Swtiching-and-Nobody-Exploded/LED GAME/LED GAME.runs/synth_1/top_module.dcp' has been generated.
INFO: [runtcl-4] Executing : report_utilization -file top_module_utilization_synth.rpt -pb top_module_utilization_synth.pb
INFO: [Common 17-206] Exiting Vivado at Thu Nov 30 02:16:31 2023...
