Vivado Simulator v2023.2
Copyright 1986-2022 Xilinx, Inc. All Rights Reserved.
Copyright 2022-2023 Advanced Micro Devices, Inc. All Rights Reserved.
Running: E:/Vivado/2023.2/bin/unwrapped/win64.o/xelab.exe --incr --debug typical --relax --mt 2 -L xil_defaultlib -L unisims_ver -L unimacro_ver -L secureip --snapshot top_module_behav xil_defaultlib.top_module xil_defaultlib.glbl -log elaborate.log 
Using 2 slave threads.
Starting static elaboration
Pass Through NonSizing Optimizer
Completed static elaboration
Starting simulation data flow analysis
WARNING: [XSIM 43-4099] "C:/Users/witpc/Desktop/Keep-Swtiching-and-Nobody-Exploded/LED GAME/LED GAME.srcs/sources_1/new/Timer.v" Line 11. Module Timer doesn't have a timescale but at least one module in design has a timescale.
WARNING: [XSIM 43-4099] "C:/Users/witpc/Desktop/Keep-Swtiching-and-Nobody-Exploded/LED GAME/LED GAME.srcs/sources_1/new/Timer.v" Line 1. Module tff_module doesn't have a timescale but at least one module in design has a timescale.
WARNING: [XSIM 43-4099] "C:/Users/witpc/Desktop/Keep-Swtiching-and-Nobody-Exploded/LED GAME/LED GAME.srcs/sources_1/new/Timer.v" Line 1. Module tff_module doesn't have a timescale but at least one module in design has a timescale.
WARNING: [XSIM 43-4099] "C:/Users/witpc/Desktop/Keep-Swtiching-and-Nobody-Exploded/LED GAME/LED GAME.srcs/sources_1/new/Timer.v" Line 1. Module tff_module doesn't have a timescale but at least one module in design has a timescale.
WARNING: [XSIM 43-4099] "C:/Users/witpc/Desktop/Keep-Swtiching-and-Nobody-Exploded/LED GAME/LED GAME.srcs/sources_1/new/Timer.v" Line 11. Module Timer doesn't have a timescale but at least one module in design has a timescale.
WARNING: [XSIM 43-4099] "C:/Users/witpc/Desktop/Keep-Swtiching-and-Nobody-Exploded/LED GAME/LED GAME.srcs/sources_1/new/Timer.v" Line 1. Module tff_module doesn't have a timescale but at least one module in design has a timescale.
WARNING: [XSIM 43-4099] "C:/Users/witpc/Desktop/Keep-Swtiching-and-Nobody-Exploded/LED GAME/LED GAME.srcs/sources_1/new/Timer.v" Line 1. Module tff_module doesn't have a timescale but at least one module in design has a timescale.
WARNING: [XSIM 43-4099] "C:/Users/witpc/Desktop/Keep-Swtiching-and-Nobody-Exploded/LED GAME/LED GAME.srcs/sources_1/new/Timer.v" Line 1. Module tff_module doesn't have a timescale but at least one module in design has a timescale.
Completed simulation data flow analysis
Time Resolution for simulation is 1ps
Compiling module xil_defaultlib.tff_module
Compiling module xil_defaultlib.Timer
Compiling module xil_defaultlib.clock_div
Compiling module xil_defaultlib.my_dff
Compiling module xil_defaultlib.debouncedbutton
Compiling module xil_defaultlib.difficulty_game_mode
Compiling module xil_defaultlib.ledcontroller
Compiling module xil_defaultlib.top_module
Compiling module xil_defaultlib.glbl
Built simulation snapshot top_module_behav
